Using pre-set license
Built from '2020.2/staging' branch; Version is '2020.2.6f1 (8a2143876886) revision 9052483'; Using compiler version '192528614'; Build Type 'Release'
OS: 'Windows 10 Home Single Language; OS build 19041.1110; Version 2004; 64bit' Language: 'pt' Physical Memory: 16215 MB
BatchMode: 1, IsHumanControllingUs: 0, StartBugReporterOnCrash: 0, Is64bit: 1, IsPro: 0

 COMMAND LINE ARGUMENTS:
C:\Users\hangp\Documents\UnityEditor\2020.2.6f1\Editor\Unity.exe
-adb2
-batchMode
-noUpm
-name
AssetImportWorker0
-projectPath
C:/Users/hangp/Desktop/Unity PAQ Demo/Main-Project-Line-PAQ/DogGame Demo - Environmental
-logFile
Logs/AssetImportWorker0.log
-srvPort
49302
Successfully changed project path to: C:/Users/hangp/Desktop/Unity PAQ Demo/Main-Project-Line-PAQ/DogGame Demo - Environmental
C:/Users/hangp/Desktop/Unity PAQ Demo/Main-Project-Line-PAQ/DogGame Demo - Environmental
Using Asset Import Pipeline V2.
Refreshing native plugins compatible for Editor in 27.87 ms, found 0 plugins.
Preloading 0 native plugins for Editor in 0.00 ms.
Initialize engine version: 2020.2.6f1 (8a2143876886)
[Subsystems] Discovering subsystems at path C:/Users/hangp/Documents/UnityEditor/2020.2.6f1/Editor/Data/Resources/UnitySubsystems
[Subsystems] Discovering subsystems at path C:/Users/hangp/Desktop/Unity PAQ Demo/Main-Project-Line-PAQ/DogGame Demo - Environmental/Assets
GfxDevice: creating device client; threaded=0
Direct3D:
    Version:  Direct3D 11.0 [level 11.1]
    Renderer: NVIDIA GeForce RTX 2070 with Max-Q Design (ID=0x1f14)
    Vendor:   
    VRAM:     8031 MB
    Driver:   27.21.14.5167
Initialize mono
Mono path[0] = 'C:/Users/hangp/Documents/UnityEditor/2020.2.6f1/Editor/Data/Managed'
Mono path[1] = 'C:/Users/hangp/Documents/UnityEditor/2020.2.6f1/Editor/Data/MonoBleedingEdge/lib/mono/unityjit'
Mono config path = 'C:/Users/hangp/Documents/UnityEditor/2020.2.6f1/Editor/Data/MonoBleedingEdge/etc'
Using monoOptions --debugger-agent=transport=dt_socket,embedding=1,server=y,suspend=n,address=127.0.0.1:56004
Begin MonoManager ReloadAssembly
Registering precompiled unity dll's ...
Register platform support module: C:/Users/hangp/Documents/UnityEditor/2020.2.6f1/Editor/Data/PlaybackEngines/WindowsStandaloneSupport/UnityEditor.WindowsStandalone.Extensions.dll
Registered in 0.001754 seconds.
Native extension for WindowsStandalone target not found
Refreshing native plugins compatible for Editor in 26.12 ms, found 0 plugins.
Preloading 0 native plugins for Editor in 0.00 ms.
Invoked RoslynAnalysisRunner static constructor.
RoslynAnalysisRunner will not be running.
RoslynAnalysisRunner has terminated.
Mono: successfully reloaded assembly
- Completed reload, in  1.524 seconds
Platform modules already initialized, skipping
Registering precompiled user dll's ...
Registered in 0.001004 seconds.
Begin MonoManager ReloadAssembly
Script error: OnCollisionEnter
This message parameter has to be of type: Collision
The message will be ignored.

Native extension for WindowsStandalone target not found
Refreshing native plugins compatible for Editor in 31.88 ms, found 0 plugins.
Preloading 0 native plugins for Editor in 0.00 ms.
Invoked RoslynAnalysisRunner static constructor.
RoslynAnalysisRunner will not be running.
RoslynAnalysisRunner has terminated.
Mono: successfully reloaded assembly
- Completed reload, in  1.627 seconds
Platform modules already initialized, skipping
========================================================================
Worker process is ready to serve import requests
Launched and connected shader compiler UnityShaderCompiler.exe after 0.04 seconds
Refreshing native plugins compatible for Editor in 0.29 ms, found 0 plugins.
Preloading 0 native plugins for Editor in 0.00 ms.
Unloading 1745 Unused Serialized files (Serialized files now loaded: 0)
System memory in use before: 104.3 MB.
System memory in use after: 104.3 MB.

Unloading 23 unused Assets to reduce memory usage. Loaded Objects now: 2208.
Total: 2.503600 ms (FindLiveObjects: 0.343300 ms CreateObjectMapping: 0.110000 ms MarkObjects: 1.889200 ms  DeleteObjects: 0.159200 ms)

========================================================================
Received Import Request.
  path: Assets/Scripts
  artifactKey: Guid(a932641c40f445e4e9e25931cba3b733) Importer(815301076,1909f56bfc062723c751e8b465ee728b)
Start importing Assets/Scripts using Guid(a932641c40f445e4e9e25931cba3b733) Importer(815301076,1909f56bfc062723c751e8b465ee728b)  -> (artifact id: 'c20a0351d22c6f4dda1ca14b13c25535') in 0.010350 seconds
  Import took 0.013267 seconds .

========================================================================
Received Import Request.
  Time since last request: 8.312839 seconds.
  path: Assets/Scripts/Player-based scripts
  artifactKey: Guid(c7668bb655ea69748bf88435057c9c55) Importer(815301076,1909f56bfc062723c751e8b465ee728b)
Start importing Assets/Scripts/Player-based scripts using Guid(c7668bb655ea69748bf88435057c9c55) Importer(815301076,1909f56bfc062723c751e8b465ee728b)  -> (artifact id: 'd90dac032576a4ac5542a25617819909') in 0.006945 seconds
  Import took 0.010141 seconds .

========================================================================
Received Prepare
Registering precompiled user dll's ...
Registered in 0.001040 seconds.
Script error: OnCollisionEnter
This message parameter has to be of type: Collision
The message will be ignored.

Begin MonoManager ReloadAssembly
Script error: OnCollisionEnter
This message parameter has to be of type: Collision
The message will be ignored.

Native extension for WindowsStandalone target not found
Refreshing native plugins compatible for Editor in 0.28 ms, found 0 plugins.
Preloading 0 native plugins for Editor in 0.00 ms.
Invoked RoslynAnalysisRunner static constructor.
RoslynAnalysisRunner will not be running.
RoslynAnalysisRunner has terminated.
Mono: successfully reloaded assembly
- Completed reload, in  0.992 seconds
Platform modules already initialized, skipping
Switching build target platform(5) subTarget(0) extendedPlatform(0) -> platform(13) subTarget(537395200) extendedPlatform(0)
Refreshing native plugins compatible for Editor in 0.32 ms, found 0 plugins.
Preloading 0 native plugins for Editor in 0.00 ms.
Unloading 1691 Unused Serialized files (Serialized files now loaded: 0)
System memory in use before: 98.7 MB.
System memory in use after: 98.6 MB.

Unloading 8 unused Assets to reduce memory usage. Loaded Objects now: 2210.
Total: 1.850100 ms (FindLiveObjects: 0.206400 ms CreateObjectMapping: 0.065200 ms MarkObjects: 1.457900 ms  DeleteObjects: 0.119500 ms)

AssetImportParameters requested are different than current active one (requested -> active):
  custom:graphics/normal-map-encoding: 01000000000000000000000000000000 -> 02000000000000000000000000000000
========================================================================
Received Prepare
Registering precompiled user dll's ...
Registered in 0.000976 seconds.
Script error: OnCollisionEnter
This message parameter has to be of type: Collision
The message will be ignored.

Begin MonoManager ReloadAssembly
Script error: OnCollisionEnter
This message parameter has to be of type: Collision
The message will be ignored.

Native extension for WindowsStandalone target not found
Refreshing native plugins compatible for Editor in 0.28 ms, found 0 plugins.
Preloading 0 native plugins for Editor in 0.00 ms.
Invoked RoslynAnalysisRunner static constructor.
RoslynAnalysisRunner will not be running.
RoslynAnalysisRunner has terminated.
Mono: successfully reloaded assembly
- Completed reload, in  0.975 seconds
Platform modules already initialized, skipping
Switching build target platform(5) subTarget(0) extendedPlatform(0) -> platform(13) subTarget(537395200) extendedPlatform(0)
Refreshing native plugins compatible for Editor in 0.28 ms, found 0 plugins.
Preloading 0 native plugins for Editor in 0.00 ms.
Unloading 1691 Unused Serialized files (Serialized files now loaded: 0)
System memory in use before: 98.7 MB.
System memory in use after: 98.6 MB.

Unloading 8 unused Assets to reduce memory usage. Loaded Objects now: 2212.
Total: 3.189100 ms (FindLiveObjects: 0.248200 ms CreateObjectMapping: 0.079900 ms MarkObjects: 2.718800 ms  DeleteObjects: 0.140700 ms)

AssetImportParameters requested are different than current active one (requested -> active):
  custom:graphics/normal-map-encoding: 01000000000000000000000000000000 -> 02000000000000000000000000000000
========================================================================
Received Prepare
Registering precompiled user dll's ...
Registered in 0.001252 seconds.
Script error: OnCollisionEnter
This message parameter has to be of type: Collision
The message will be ignored.

Begin MonoManager ReloadAssembly
Script error: OnCollisionEnter
This message parameter has to be of type: Collision
The message will be ignored.

Native extension for WindowsStandalone target not found
Refreshing native plugins compatible for Editor in 0.29 ms, found 0 plugins.
Preloading 0 native plugins for Editor in 0.00 ms.
Invoked RoslynAnalysisRunner static constructor.
RoslynAnalysisRunner will not be running.
RoslynAnalysisRunner has terminated.
Mono: successfully reloaded assembly
- Completed reload, in  1.006 seconds
Platform modules already initialized, skipping
Switching build target platform(5) subTarget(0) extendedPlatform(0) -> platform(13) subTarget(537395200) extendedPlatform(0)
Refreshing native plugins compatible for Editor in 0.28 ms, found 0 plugins.
Preloading 0 native plugins for Editor in 0.00 ms.
Unloading 1691 Unused Serialized files (Serialized files now loaded: 0)
System memory in use before: 98.7 MB.
System memory in use after: 98.7 MB.

Unloading 8 unused Assets to reduce memory usage. Loaded Objects now: 2214.
Total: 2.321400 ms (FindLiveObjects: 0.140400 ms CreateObjectMapping: 0.043500 ms MarkObjects: 2.006000 ms  DeleteObjects: 0.130200 ms)

AssetImportParameters requested are different than current active one (requested -> active):
  custom:graphics/normal-map-encoding: 01000000000000000000000000000000 -> 02000000000000000000000000000000
========================================================================
Received Import Request.
  Time since last request: 53.334074 seconds.
  path: Assets/Scripts/Managers
  artifactKey: Guid(fdbeec5e3e33fca4aa37a741f2ecfda5) Importer(815301076,1909f56bfc062723c751e8b465ee728b)
Start importing Assets/Scripts/Managers using Guid(fdbeec5e3e33fca4aa37a741f2ecfda5) Importer(815301076,1909f56bfc062723c751e8b465ee728b)  -> (artifact id: '40b077a81fafdb4461db2649551e7e4f') in 0.009348 seconds
  Import took 0.011909 seconds .

========================================================================
Received Prepare
Registering precompiled user dll's ...
Registered in 0.002067 seconds.
Script error: OnCollisionEnter
This message parameter has to be of type: Collision
The message will be ignored.

Begin MonoManager ReloadAssembly
Script error: OnCollisionEnter
This message parameter has to be of type: Collision
The message will be ignored.

Native extension for WindowsStandalone target not found
Refreshing native plugins compatible for Editor in 0.28 ms, found 0 plugins.
Preloading 0 native plugins for Editor in 0.00 ms.
Invoked RoslynAnalysisRunner static constructor.
RoslynAnalysisRunner will not be running.
RoslynAnalysisRunner has terminated.
Mono: successfully reloaded assembly
- Completed reload, in  0.998 seconds
Platform modules already initialized, skipping
Switching build target platform(5) subTarget(0) extendedPlatform(0) -> platform(13) subTarget(537395200) extendedPlatform(0)
Refreshing native plugins compatible for Editor in 0.28 ms, found 0 plugins.
Preloading 0 native plugins for Editor in 0.00 ms.
Unloading 1691 Unused Serialized files (Serialized files now loaded: 0)
System memory in use before: 98.7 MB.
System memory in use after: 98.7 MB.

Unloading 8 unused Assets to reduce memory usage. Loaded Objects now: 2216.
Total: 2.636300 ms (FindLiveObjects: 0.268000 ms CreateObjectMapping: 0.083900 ms MarkObjects: 2.151000 ms  DeleteObjects: 0.132100 ms)

AssetImportParameters requested are different than current active one (requested -> active):
  custom:graphics/normal-map-encoding: 01000000000000000000000000000000 -> 02000000000000000000000000000000
========================================================================
Received Import Request.
  Time since last request: 9.180533 seconds.
  path: Assets/Scripts/DogManager.cs
  artifactKey: Guid(efe259a8ae4442b4cb9350a1b1011d4c) Importer(815301076,1909f56bfc062723c751e8b465ee728b)
Start importing Assets/Scripts/DogManager.cs using Guid(efe259a8ae4442b4cb9350a1b1011d4c) Importer(815301076,1909f56bfc062723c751e8b465ee728b)  -> (artifact id: '1483b19a8d61811e789da021cde60ae3') in 0.035460 seconds
  Import took 0.038245 seconds .

========================================================================
Received Prepare
Registering precompiled user dll's ...
Registered in 0.000996 seconds.
Script error: OnCollisionEnter
This message parameter has to be of type: Collision
The message will be ignored.

Begin MonoManager ReloadAssembly
Script error: OnCollisionEnter
This message parameter has to be of type: Collision
The message will be ignored.

Native extension for WindowsStandalone target not found
Refreshing native plugins compatible for Editor in 0.27 ms, found 0 plugins.
Preloading 0 native plugins for Editor in 0.00 ms.
Invoked RoslynAnalysisRunner static constructor.
RoslynAnalysisRunner will not be running.
RoslynAnalysisRunner has terminated.
Mono: successfully reloaded assembly
- Completed reload, in  1.006 seconds
Platform modules already initialized, skipping
Switching build target platform(5) subTarget(0) extendedPlatform(0) -> platform(13) subTarget(537395200) extendedPlatform(0)
Refreshing native plugins compatible for Editor in 0.27 ms, found 0 plugins.
Preloading 0 native plugins for Editor in 0.00 ms.
Unloading 1691 Unused Serialized files (Serialized files now loaded: 0)
System memory in use before: 98.7 MB.
System memory in use after: 98.7 MB.

Unloading 8 unused Assets to reduce memory usage. Loaded Objects now: 2218.
Total: 3.087900 ms (FindLiveObjects: 0.226100 ms CreateObjectMapping: 0.052300 ms MarkObjects: 2.628900 ms  DeleteObjects: 0.179800 ms)

AssetImportParameters requested are different than current active one (requested -> active):
  custom:graphics/normal-map-encoding: 01000000000000000000000000000000 -> 02000000000000000000000000000000
========================================================================
Received Import Request.
  Time since last request: 5.499790 seconds.
  path: Assets/Scripts/move.cs
  artifactKey: Guid(2d5af848988f6cd429e179b8f57cdeb1) Importer(815301076,1909f56bfc062723c751e8b465ee728b)
Start importing Assets/Scripts/move.cs using Guid(2d5af848988f6cd429e179b8f57cdeb1) Importer(815301076,1909f56bfc062723c751e8b465ee728b)  -> (artifact id: 'ad86da2087fe84d856bc98bf937f4f7d') in 0.008266 seconds
  Import took 0.011246 seconds .

========================================================================
Received Import Request.
  Time since last request: 0.046725 seconds.
  path: Assets/Scripts/PauseManager.cs
  artifactKey: Guid(aec759a2b551cb94eaa3a37894d5aad2) Importer(815301076,1909f56bfc062723c751e8b465ee728b)
Start importing Assets/Scripts/PauseManager.cs using Guid(aec759a2b551cb94eaa3a37894d5aad2) Importer(815301076,1909f56bfc062723c751e8b465ee728b)  -> (artifact id: '3d5ad05163fa33a0c37afa266bb072b2') in 0.006040 seconds
  Import took 0.008481 seconds .

========================================================================
Received Import Request.
  Time since last request: 0.006502 seconds.
  path: Assets/Scripts/PauseManager.cs
  artifactKey: Guid(aec759a2b551cb94eaa3a37894d5aad2) Importer(815301076,1909f56bfc062723c751e8b465ee728b)
Start importing Assets/Scripts/PauseManager.cs using Guid(aec759a2b551cb94eaa3a37894d5aad2) Importer(815301076,1909f56bfc062723c751e8b465ee728b)  -> (artifact id: '3d5ad05163fa33a0c37afa266bb072b2') in 0.002361 seconds
  Import took 0.005586 seconds .

========================================================================
Received Prepare
Registering precompiled user dll's ...
Registered in 0.001558 seconds.
Script error: OnCollisionEnter
This message parameter has to be of type: Collision
The message will be ignored.

Begin MonoManager ReloadAssembly
Script error: OnCollisionEnter
This message parameter has to be of type: Collision
The message will be ignored.

Native extension for WindowsStandalone target not found
Refreshing native plugins compatible for Editor in 0.29 ms, found 0 plugins.
Preloading 0 native plugins for Editor in 0.00 ms.
Invoked RoslynAnalysisRunner static constructor.
RoslynAnalysisRunner will not be running.
RoslynAnalysisRunner has terminated.
Mono: successfully reloaded assembly
- Completed reload, in  1.005 seconds
Platform modules already initialized, skipping
Switching build target platform(5) subTarget(0) extendedPlatform(0) -> platform(13) subTarget(537395200) extendedPlatform(0)
Refreshing native plugins compatible for Editor in 0.27 ms, found 0 plugins.
Preloading 0 native plugins for Editor in 0.00 ms.
Unloading 1691 Unused Serialized files (Serialized files now loaded: 0)
System memory in use before: 98.7 MB.
System memory in use after: 98.7 MB.

Unloading 8 unused Assets to reduce memory usage. Loaded Objects now: 2220.
Total: 2.350600 ms (FindLiveObjects: 0.227900 ms CreateObjectMapping: 0.074300 ms MarkObjects: 1.865800 ms  DeleteObjects: 0.181700 ms)

AssetImportParameters requested are different than current active one (requested -> active):
  custom:graphics/normal-map-encoding: 01000000000000000000000000000000 -> 02000000000000000000000000000000
========================================================================
Received Import Request.
  Time since last request: 6.067709 seconds.
  path: Assets/Scripts/ScoreManager.cs
  artifactKey: Guid(db265b32f5d0e9a45b7efe1cac447684) Importer(815301076,1909f56bfc062723c751e8b465ee728b)
Start importing Assets/Scripts/ScoreManager.cs using Guid(db265b32f5d0e9a45b7efe1cac447684) Importer(815301076,1909f56bfc062723c751e8b465ee728b)  -> (artifact id: '616fbe7cccf89902539ea079a968cc89') in 0.009232 seconds
  Import took 0.012444 seconds .

========================================================================
Received Prepare
Registering precompiled user dll's ...
Registered in 0.001063 seconds.
Script error: OnCollisionEnter
This message parameter has to be of type: Collision
The message will be ignored.

Begin MonoManager ReloadAssembly
Script error: OnCollisionEnter
This message parameter has to be of type: Collision
The message will be ignored.

Native extension for WindowsStandalone target not found
Refreshing native plugins compatible for Editor in 0.28 ms, found 0 plugins.
Preloading 0 native plugins for Editor in 0.00 ms.
Invoked RoslynAnalysisRunner static constructor.
RoslynAnalysisRunner will not be running.
RoslynAnalysisRunner has terminated.
Mono: successfully reloaded assembly
- Completed reload, in  1.002 seconds
Platform modules already initialized, skipping
Switching build target platform(5) subTarget(0) extendedPlatform(0) -> platform(13) subTarget(537395200) extendedPlatform(0)
Refreshing native plugins compatible for Editor in 0.28 ms, found 0 plugins.
Preloading 0 native plugins for Editor in 0.00 ms.
Unloading 1691 Unused Serialized files (Serialized files now loaded: 0)
System memory in use before: 98.8 MB.
System memory in use after: 98.7 MB.

Unloading 8 unused Assets to reduce memory usage. Loaded Objects now: 2222.
Total: 2.152400 ms (FindLiveObjects: 0.180600 ms CreateObjectMapping: 0.059100 ms MarkObjects: 1.786100 ms  DeleteObjects: 0.125900 ms)

AssetImportParameters requested are different than current active one (requested -> active):
  custom:graphics/normal-map-encoding: 01000000000000000000000000000000 -> 02000000000000000000000000000000
========================================================================
Received Import Request.
  Time since last request: 30.023097 seconds.
  path: Assets/Scripts/New Folder
  artifactKey: Guid(6d0831b81b0c65a49b1ac1bd30eaec65) Importer(815301076,1909f56bfc062723c751e8b465ee728b)
Start importing Assets/Scripts/New Folder using Guid(6d0831b81b0c65a49b1ac1bd30eaec65) Importer(815301076,1909f56bfc062723c751e8b465ee728b)  -> (artifact id: 'db698b41cbb94f99586aec656559fee1') in 0.008515 seconds
  Import took 0.011209 seconds .

========================================================================
Received Import Request.
  Time since last request: 6.687601 seconds.
  path: Assets/Scripts/Interactions
  artifactKey: Guid(6d0831b81b0c65a49b1ac1bd30eaec65) Importer(815301076,1909f56bfc062723c751e8b465ee728b)
Start importing Assets/Scripts/Interactions using Guid(6d0831b81b0c65a49b1ac1bd30eaec65) Importer(815301076,1909f56bfc062723c751e8b465ee728b)  -> (artifact id: 'dadea589512a1afe9f287c8b874078fd') in 0.007279 seconds
  Import took 0.010140 seconds .

========================================================================
Received Prepare
Registering precompiled user dll's ...
Registered in 0.001108 seconds.
Script error: OnCollisionEnter
This message parameter has to be of type: Collision
The message will be ignored.

Begin MonoManager ReloadAssembly
Script error: OnCollisionEnter
This message parameter has to be of type: Collision
The message will be ignored.

Native extension for WindowsStandalone target not found
Refreshing native plugins compatible for Editor in 0.28 ms, found 0 plugins.
Preloading 0 native plugins for Editor in 0.00 ms.
Invoked RoslynAnalysisRunner static constructor.
RoslynAnalysisRunner will not be running.
RoslynAnalysisRunner has terminated.
Mono: successfully reloaded assembly
- Completed reload, in  1.069 seconds
Platform modules already initialized, skipping
Switching build target platform(5) subTarget(0) extendedPlatform(0) -> platform(13) subTarget(537395200) extendedPlatform(0)
Refreshing native plugins compatible for Editor in 0.46 ms, found 0 plugins.
Preloading 0 native plugins for Editor in 0.00 ms.
Unloading 1691 Unused Serialized files (Serialized files now loaded: 0)
System memory in use before: 98.8 MB.
System memory in use after: 98.7 MB.

Unloading 8 unused Assets to reduce memory usage. Loaded Objects now: 2224.
Total: 2.670500 ms (FindLiveObjects: 0.408900 ms CreateObjectMapping: 0.124100 ms MarkObjects: 1.992400 ms  DeleteObjects: 0.143600 ms)

AssetImportParameters requested are different than current active one (requested -> active):
  custom:graphics/normal-map-encoding: 01000000000000000000000000000000 -> 02000000000000000000000000000000
========================================================================
Received Prepare
Registering precompiled user dll's ...
Registered in 0.001397 seconds.
Script error: OnCollisionEnter
This message parameter has to be of type: Collision
The message will be ignored.

Begin MonoManager ReloadAssembly
Script error: OnCollisionEnter
This message parameter has to be of type: Collision
The message will be ignored.

Native extension for WindowsStandalone target not found
Refreshing native plugins compatible for Editor in 0.28 ms, found 0 plugins.
Preloading 0 native plugins for Editor in 0.00 ms.
Invoked RoslynAnalysisRunner static constructor.
RoslynAnalysisRunner will not be running.
RoslynAnalysisRunner has terminated.
Mono: successfully reloaded assembly
- Completed reload, in  1.039 seconds
Platform modules already initialized, skipping
Switching build target platform(5) subTarget(0) extendedPlatform(0) -> platform(13) subTarget(537395200) extendedPlatform(0)
Refreshing native plugins compatible for Editor in 0.59 ms, found 0 plugins.
Preloading 0 native plugins for Editor in 0.00 ms.
Unloading 1691 Unused Serialized files (Serialized files now loaded: 0)
System memory in use before: 98.8 MB.
System memory in use after: 98.7 MB.

Unloading 8 unused Assets to reduce memory usage. Loaded Objects now: 2226.
Total: 2.864900 ms (FindLiveObjects: 0.295000 ms CreateObjectMapping: 0.106800 ms MarkObjects: 2.235100 ms  DeleteObjects: 0.227000 ms)

AssetImportParameters requested are different than current active one (requested -> active):
  custom:graphics/normal-map-encoding: 01000000000000000000000000000000 -> 02000000000000000000000000000000
========================================================================
Received Import Request.
  Time since last request: 11.251781 seconds.
  path: Assets/Scripts/Crown.cs
  artifactKey: Guid(a2ef7e9946007004dbcb7701aec366ee) Importer(815301076,1909f56bfc062723c751e8b465ee728b)
Start importing Assets/Scripts/Crown.cs using Guid(a2ef7e9946007004dbcb7701aec366ee) Importer(815301076,1909f56bfc062723c751e8b465ee728b)  -> (artifact id: '657c94b84a3f4be90836c9cf891663f5') in 0.008789 seconds
  Import took 0.011345 seconds .

========================================================================
Received Import Request.
  Time since last request: 3.037226 seconds.
  path: Assets/Scripts/DogCount.cs
  artifactKey: Guid(a7c881c512f99b5429382a5a80e75f91) Importer(815301076,1909f56bfc062723c751e8b465ee728b)
Start importing Assets/Scripts/DogCount.cs using Guid(a7c881c512f99b5429382a5a80e75f91) Importer(815301076,1909f56bfc062723c751e8b465ee728b)  -> (artifact id: '0888c7d643e163459481e657064fb829') in 0.006891 seconds
  Import took 0.010320 seconds .

========================================================================
Received Prepare
Registering precompiled user dll's ...
Registered in 0.001126 seconds.
Script error: OnCollisionEnter
This message parameter has to be of type: Collision
The message will be ignored.

Begin MonoManager ReloadAssembly
Script error: OnCollisionEnter
This message parameter has to be of type: Collision
The message will be ignored.

Native extension for WindowsStandalone target not found
Refreshing native plugins compatible for Editor in 0.58 ms, found 0 plugins.
Preloading 0 native plugins for Editor in 0.00 ms.
Invoked RoslynAnalysisRunner static constructor.
RoslynAnalysisRunner will not be running.
RoslynAnalysisRunner has terminated.
Mono: successfully reloaded assembly
- Completed reload, in  1.322 seconds
Platform modules already initialized, skipping
Switching build target platform(5) subTarget(0) extendedPlatform(0) -> platform(13) subTarget(537395200) extendedPlatform(0)
Refreshing native plugins compatible for Editor in 0.29 ms, found 0 plugins.
Preloading 0 native plugins for Editor in 0.00 ms.
Unloading 1691 Unused Serialized files (Serialized files now loaded: 0)
System memory in use before: 98.8 MB.
System memory in use after: 98.7 MB.

Unloading 8 unused Assets to reduce memory usage. Loaded Objects now: 2228.
Total: 2.419100 ms (FindLiveObjects: 0.300400 ms CreateObjectMapping: 0.072400 ms MarkObjects: 1.863500 ms  DeleteObjects: 0.181300 ms)

AssetImportParameters requested are different than current active one (requested -> active):
  custom:graphics/normal-map-encoding: 01000000000000000000000000000000 -> 02000000000000000000000000000000
========================================================================
Received Import Request.
  Time since last request: 21.954656 seconds.
  path: Assets/Scripts/ProgressBar.cs
  artifactKey: Guid(1c9b844442d98f742aa47ca7416625f7) Importer(815301076,1909f56bfc062723c751e8b465ee728b)
Start importing Assets/Scripts/ProgressBar.cs using Guid(1c9b844442d98f742aa47ca7416625f7) Importer(815301076,1909f56bfc062723c751e8b465ee728b)  -> (artifact id: '0748b3a6792577e2264e2a80347791e1') in 0.009583 seconds
  Import took 0.012861 seconds .

========================================================================
Received Import Request.
  Time since last request: 2.761573 seconds.
  path: Assets/Scripts/RepulsionOrb.cs
  artifactKey: Guid(d66606edda92c004393d3f20d2ac9761) Importer(815301076,1909f56bfc062723c751e8b465ee728b)
Start importing Assets/Scripts/RepulsionOrb.cs using Guid(d66606edda92c004393d3f20d2ac9761) Importer(815301076,1909f56bfc062723c751e8b465ee728b)  -> (artifact id: '6a52fd3d97e5bbdcc6423eaa972335fd') in 0.006581 seconds
  Import took 0.009850 seconds .

========================================================================
Received Import Request.
  Time since last request: 1.130260 seconds.
  path: Assets/Scripts/Sound.cs
  artifactKey: Guid(5973342d484c01646a3e7eecbde27370) Importer(815301076,1909f56bfc062723c751e8b465ee728b)
Start importing Assets/Scripts/Sound.cs using Guid(5973342d484c01646a3e7eecbde27370) Importer(815301076,1909f56bfc062723c751e8b465ee728b)  -> (artifact id: 'e7e86ae1eec4f5cda085296929219cd4') in 0.005946 seconds
  Import took 0.009137 seconds .

========================================================================
Received Import Request.
  Time since last request: 0.478141 seconds.
  path: Assets/Scripts/StopWatch.cs
  artifactKey: Guid(582d5e5779aea604688031375f98827c) Importer(815301076,1909f56bfc062723c751e8b465ee728b)
Start importing Assets/Scripts/StopWatch.cs using Guid(582d5e5779aea604688031375f98827c) Importer(815301076,1909f56bfc062723c751e8b465ee728b)  -> (artifact id: 'ef8b21d700578e811b89b63ffa757b81') in 0.006670 seconds
  Import took 0.009689 seconds .

========================================================================
Received Prepare
Registering precompiled user dll's ...
Registered in 0.001069 seconds.
Script error: OnCollisionEnter
This message parameter has to be of type: Collision
The message will be ignored.

Begin MonoManager ReloadAssembly
Script error: OnCollisionEnter
This message parameter has to be of type: Collision
The message will be ignored.

Native extension for WindowsStandalone target not found
Refreshing native plugins compatible for Editor in 0.53 ms, found 0 plugins.
Preloading 0 native plugins for Editor in 0.00 ms.
Invoked RoslynAnalysisRunner static constructor.
RoslynAnalysisRunner will not be running.
RoslynAnalysisRunner has terminated.
Mono: successfully reloaded assembly
- Completed reload, in  1.018 seconds
Platform modules already initialized, skipping
Switching build target platform(5) subTarget(0) extendedPlatform(0) -> platform(13) subTarget(537395200) extendedPlatform(0)
Refreshing native plugins compatible for Editor in 0.28 ms, found 0 plugins.
Preloading 0 native plugins for Editor in 0.00 ms.
Unloading 1691 Unused Serialized files (Serialized files now loaded: 0)
System memory in use before: 98.8 MB.
System memory in use after: 98.7 MB.

Unloading 8 unused Assets to reduce memory usage. Loaded Objects now: 2230.
Total: 2.522800 ms (FindLiveObjects: 0.230700 ms CreateObjectMapping: 0.065700 ms MarkObjects: 2.093400 ms  DeleteObjects: 0.131800 ms)

AssetImportParameters requested are different than current active one (requested -> active):
  custom:graphics/normal-map-encoding: 01000000000000000000000000000000 -> 02000000000000000000000000000000
========================================================================
Received Prepare
Registering precompiled user dll's ...
Registered in 0.001035 seconds.
Script error: OnCollisionEnter
This message parameter has to be of type: Collision
The message will be ignored.

Begin MonoManager ReloadAssembly
Script error: OnCollisionEnter
This message parameter has to be of type: Collision
The message will be ignored.

Native extension for WindowsStandalone target not found
Refreshing native plugins compatible for Editor in 0.84 ms, found 0 plugins.
Preloading 0 native plugins for Editor in 0.00 ms.
Invoked RoslynAnalysisRunner static constructor.
RoslynAnalysisRunner will not be running.
RoslynAnalysisRunner has terminated.
Mono: successfully reloaded assembly
- Completed reload, in  1.169 seconds
Platform modules already initialized, skipping
Switching build target platform(5) subTarget(0) extendedPlatform(0) -> platform(13) subTarget(537395200) extendedPlatform(0)
Refreshing native plugins compatible for Editor in 0.31 ms, found 0 plugins.
Preloading 0 native plugins for Editor in 0.00 ms.
Unloading 1691 Unused Serialized files (Serialized files now loaded: 0)
System memory in use before: 98.8 MB.
System memory in use after: 98.7 MB.

Unloading 8 unused Assets to reduce memory usage. Loaded Objects now: 2232.
Total: 2.707500 ms (FindLiveObjects: 0.369800 ms CreateObjectMapping: 0.213900 ms MarkObjects: 1.975600 ms  DeleteObjects: 0.146600 ms)

AssetImportParameters requested are different than current active one (requested -> active):
  custom:graphics/normal-map-encoding: 01000000000000000000000000000000 -> 02000000000000000000000000000000
========================================================================
Received Prepare
Registering precompiled user dll's ...
Registered in 0.001048 seconds.
Script error: OnCollisionEnter
This message parameter has to be of type: Collision
The message will be ignored.

Begin MonoManager ReloadAssembly
Script error: OnCollisionEnter
This message parameter has to be of type: Collision
The message will be ignored.

Native extension for WindowsStandalone target not found
Refreshing native plugins compatible for Editor in 0.46 ms, found 0 plugins.
Preloading 0 native plugins for Editor in 0.00 ms.
Invoked RoslynAnalysisRunner static constructor.
RoslynAnalysisRunner will not be running.
RoslynAnalysisRunner has terminated.
Mono: successfully reloaded assembly
- Completed reload, in  1.080 seconds
Platform modules already initialized, skipping
Switching build target platform(5) subTarget(0) extendedPlatform(0) -> platform(13) subTarget(537395200) extendedPlatform(0)
Refreshing native plugins compatible for Editor in 3.18 ms, found 0 plugins.
Preloading 0 native plugins for Editor in 0.00 ms.
Unloading 1691 Unused Serialized files (Serialized files now loaded: 0)
System memory in use before: 98.8 MB.
System memory in use after: 98.7 MB.

Unloading 8 unused Assets to reduce memory usage. Loaded Objects now: 2234.
Total: 5.973900 ms (FindLiveObjects: 0.392800 ms CreateObjectMapping: 0.111100 ms MarkObjects: 4.643400 ms  DeleteObjects: 0.819000 ms)

AssetImportParameters requested are different than current active one (requested -> active):
  custom:graphics/normal-map-encoding: 01000000000000000000000000000000 -> 02000000000000000000000000000000
========================================================================
Received Import Request.
  Time since last request: 30.872917 seconds.
  path: Assets/Scripts/TP.cs
  artifactKey: Guid(59312e7a94419c34a914be2d36ec964e) Importer(815301076,1909f56bfc062723c751e8b465ee728b)
Start importing Assets/Scripts/TP.cs using Guid(59312e7a94419c34a914be2d36ec964e) Importer(815301076,1909f56bfc062723c751e8b465ee728b)  -> (artifact id: 'db5d68de14705635021941da1d22b091') in 0.016633 seconds
  Import took 0.023911 seconds .

========================================================================
Received Import Request.
  Time since last request: 29.146379 seconds.
  path: Assets/Scripts/UI
  artifactKey: Guid(8a4425159d9df4e4d918598c01f8965f) Importer(815301076,1909f56bfc062723c751e8b465ee728b)
Start importing Assets/Scripts/UI using Guid(8a4425159d9df4e4d918598c01f8965f) Importer(815301076,1909f56bfc062723c751e8b465ee728b)  -> (artifact id: '2cada4778d9d62b7f1e867f7790dfc31') in 0.007615 seconds
  Import took 0.011078 seconds .

========================================================================
Received Import Request.
  Time since last request: 0.999954 seconds.
  path: Assets/Scripts/TouchMove.cs
  artifactKey: Guid(a99242857106ab742a10ca64979381a1) Importer(815301076,1909f56bfc062723c751e8b465ee728b)
Start importing Assets/Scripts/TouchMove.cs using Guid(a99242857106ab742a10ca64979381a1) Importer(815301076,1909f56bfc062723c751e8b465ee728b)  -> (artifact id: 'ee087de15cf42e055a721b6c579c5ca7') in 0.007968 seconds
  Import took 0.012628 seconds .

========================================================================
Received Prepare
Registering precompiled user dll's ...
Registered in 0.001184 seconds.
Script error: OnCollisionEnter
This message parameter has to be of type: Collision
The message will be ignored.

Begin MonoManager ReloadAssembly
Script error: OnCollisionEnter
This message parameter has to be of type: Collision
The message will be ignored.

Native extension for WindowsStandalone target not found
Refreshing native plugins compatible for Editor in 0.28 ms, found 0 plugins.
Preloading 0 native plugins for Editor in 0.00 ms.
Invoked RoslynAnalysisRunner static constructor.
RoslynAnalysisRunner will not be running.
RoslynAnalysisRunner has terminated.
Mono: successfully reloaded assembly
- Completed reload, in  1.079 seconds
Platform modules already initialized, skipping
Switching build target platform(5) subTarget(0) extendedPlatform(0) -> platform(13) subTarget(537395200) extendedPlatform(0)
Refreshing native plugins compatible for Editor in 0.36 ms, found 0 plugins.
Preloading 0 native plugins for Editor in 0.00 ms.
Unloading 1691 Unused Serialized files (Serialized files now loaded: 0)
System memory in use before: 98.8 MB.
System memory in use after: 98.8 MB.

Unloading 8 unused Assets to reduce memory usage. Loaded Objects now: 2236.
Total: 2.244200 ms (FindLiveObjects: 0.444300 ms CreateObjectMapping: 0.066200 ms MarkObjects: 1.571600 ms  DeleteObjects: 0.159300 ms)

AssetImportParameters requested are different than current active one (requested -> active):
  custom:graphics/normal-map-encoding: 01000000000000000000000000000000 -> 02000000000000000000000000000000
========================================================================
Received Prepare
Registering precompiled user dll's ...
Registered in 0.001204 seconds.
Script error: OnCollisionEnter
This message parameter has to be of type: Collision
The message will be ignored.

Begin MonoManager ReloadAssembly
Script error: OnCollisionEnter
This message parameter has to be of type: Collision
The message will be ignored.

Native extension for WindowsStandalone target not found
Refreshing native plugins compatible for Editor in 0.28 ms, found 0 plugins.
Preloading 0 native plugins for Editor in 0.00 ms.
Invoked RoslynAnalysisRunner static constructor.
RoslynAnalysisRunner will not be running.
RoslynAnalysisRunner has terminated.
Mono: successfully reloaded assembly
- Completed reload, in  1.041 seconds
Platform modules already initialized, skipping
Switching build target platform(5) subTarget(0) extendedPlatform(0) -> platform(13) subTarget(537395200) extendedPlatform(0)
Refreshing native plugins compatible for Editor in 0.31 ms, found 0 plugins.
Preloading 0 native plugins for Editor in 0.00 ms.
Unloading 1691 Unused Serialized files (Serialized files now loaded: 0)
System memory in use before: 98.8 MB.
System memory in use after: 98.8 MB.

Unloading 8 unused Assets to reduce memory usage. Loaded Objects now: 2238.
Total: 3.179200 ms (FindLiveObjects: 0.621400 ms CreateObjectMapping: 0.193700 ms MarkObjects: 2.134800 ms  DeleteObjects: 0.227400 ms)

AssetImportParameters requested are different than current active one (requested -> active):
  custom:graphics/normal-map-encoding: 01000000000000000000000000000000 -> 02000000000000000000000000000000
========================================================================
Received Prepare
Registering precompiled user dll's ...
Registered in 0.001025 seconds.
Script error: OnCollisionEnter
This message parameter has to be of type: Collision
The message will be ignored.

Begin MonoManager ReloadAssembly
Script error: OnCollisionEnter
This message parameter has to be of type: Collision
The message will be ignored.

Native extension for WindowsStandalone target not found
Refreshing native plugins compatible for Editor in 0.52 ms, found 0 plugins.
Preloading 0 native plugins for Editor in 0.00 ms.
Invoked RoslynAnalysisRunner static constructor.
RoslynAnalysisRunner will not be running.
RoslynAnalysisRunner has terminated.
Mono: successfully reloaded assembly
- Completed reload, in  1.152 seconds
Platform modules already initialized, skipping
Switching build target platform(5) subTarget(0) extendedPlatform(0) -> platform(13) subTarget(537395200) extendedPlatform(0)
Refreshing native plugins compatible for Editor in 0.28 ms, found 0 plugins.
Preloading 0 native plugins for Editor in 0.00 ms.
Unloading 1691 Unused Serialized files (Serialized files now loaded: 0)
System memory in use before: 98.8 MB.
System memory in use after: 98.8 MB.

Unloading 8 unused Assets to reduce memory usage. Loaded Objects now: 2240.
Total: 2.333100 ms (FindLiveObjects: 0.178000 ms CreateObjectMapping: 0.057800 ms MarkObjects: 1.966300 ms  DeleteObjects: 0.130000 ms)

AssetImportParameters requested are different than current active one (requested -> active):
  custom:graphics/normal-map-encoding: 01000000000000000000000000000000 -> 02000000000000000000000000000000
========================================================================
Received Import Request.
  Time since last request: 31.860287 seconds.
  path: Assets/Scripts/No use
  artifactKey: Guid(696ea35bd45a3494cad70beb1e4eda5d) Importer(815301076,1909f56bfc062723c751e8b465ee728b)
Start importing Assets/Scripts/No use using Guid(696ea35bd45a3494cad70beb1e4eda5d) Importer(815301076,1909f56bfc062723c751e8b465ee728b)  -> (artifact id: 'a7aaa54c693b9ffcf89a8e3f7d64be85') in 0.011043 seconds
  Import took 0.013776 seconds .

========================================================================
Received Prepare
Registering precompiled user dll's ...
Registered in 0.000991 seconds.
Script error: OnCollisionEnter
This message parameter has to be of type: Collision
The message will be ignored.

Begin MonoManager ReloadAssembly
Script error: OnCollisionEnter
This message parameter has to be of type: Collision
The message will be ignored.

Native extension for WindowsStandalone target not found
Refreshing native plugins compatible for Editor in 0.72 ms, found 0 plugins.
Preloading 0 native plugins for Editor in 0.00 ms.
Invoked RoslynAnalysisRunner static constructor.
RoslynAnalysisRunner will not be running.
RoslynAnalysisRunner has terminated.
Mono: successfully reloaded assembly
- Completed reload, in  1.172 seconds
Platform modules already initialized, skipping
Switching build target platform(5) subTarget(0) extendedPlatform(0) -> platform(13) subTarget(537395200) extendedPlatform(0)
Refreshing native plugins compatible for Editor in 0.49 ms, found 0 plugins.
Preloading 0 native plugins for Editor in 0.00 ms.
Unloading 1691 Unused Serialized files (Serialized files now loaded: 0)
System memory in use before: 98.8 MB.
System memory in use after: 98.8 MB.

Unloading 8 unused Assets to reduce memory usage. Loaded Objects now: 2242.
Total: 3.102100 ms (FindLiveObjects: 0.244700 ms CreateObjectMapping: 0.083600 ms MarkObjects: 2.563500 ms  DeleteObjects: 0.209000 ms)

AssetImportParameters requested are different than current active one (requested -> active):
  custom:graphics/normal-map-encoding: 01000000000000000000000000000000 -> 02000000000000000000000000000000
========================================================================
Received Prepare
Registering precompiled user dll's ...
Registered in 0.001004 seconds.
Script error: OnCollisionEnter
This message parameter has to be of type: Collision
The message will be ignored.

Begin MonoManager ReloadAssembly
Script error: OnCollisionEnter
This message parameter has to be of type: Collision
The message will be ignored.

Native extension for WindowsStandalone target not found
Refreshing native plugins compatible for Editor in 0.27 ms, found 0 plugins.
Preloading 0 native plugins for Editor in 0.00 ms.
Invoked RoslynAnalysisRunner static constructor.
RoslynAnalysisRunner will not be running.
RoslynAnalysisRunner has terminated.
Mono: successfully reloaded assembly
- Completed reload, in  1.096 seconds
Platform modules already initialized, skipping
Switching build target platform(5) subTarget(0) extendedPlatform(0) -> platform(13) subTarget(537395200) extendedPlatform(0)
Refreshing native plugins compatible for Editor in 0.65 ms, found 0 plugins.
Preloading 0 native plugins for Editor in 0.00 ms.
Unloading 1691 Unused Serialized files (Serialized files now loaded: 0)
System memory in use before: 98.8 MB.
System memory in use after: 98.8 MB.

Unloading 8 unused Assets to reduce memory usage. Loaded Objects now: 2244.
Total: 1.972800 ms (FindLiveObjects: 0.264700 ms CreateObjectMapping: 0.075100 ms MarkObjects: 1.493100 ms  DeleteObjects: 0.138400 ms)

AssetImportParameters requested are different than current active one (requested -> active):
  custom:graphics/normal-map-encoding: 01000000000000000000000000000000 -> 02000000000000000000000000000000
========================================================================
Received Prepare
Registering precompiled user dll's ...
Registered in 0.001566 seconds.
Script error: OnCollisionEnter
This message parameter has to be of type: Collision
The message will be ignored.

Begin MonoManager ReloadAssembly
Script error: OnCollisionEnter
This message parameter has to be of type: Collision
The message will be ignored.

Native extension for WindowsStandalone target not found
Refreshing native plugins compatible for Editor in 0.29 ms, found 0 plugins.
Preloading 0 native plugins for Editor in 0.00 ms.
Invoked RoslynAnalysisRunner static constructor.
RoslynAnalysisRunner will not be running.
RoslynAnalysisRunner has terminated.
Mono: successfully reloaded assembly
- Completed reload, in  1.120 seconds
Platform modules already initialized, skipping
Switching build target platform(5) subTarget(0) extendedPlatform(0) -> platform(13) subTarget(537395200) extendedPlatform(0)
Refreshing native plugins compatible for Editor in 0.28 ms, found 0 plugins.
Preloading 0 native plugins for Editor in 0.00 ms.
Unloading 1691 Unused Serialized files (Serialized files now loaded: 0)
System memory in use before: 98.8 MB.
System memory in use after: 98.8 MB.

Unloading 8 unused Assets to reduce memory usage. Loaded Objects now: 2246.
Total: 2.417100 ms (FindLiveObjects: 0.263200 ms CreateObjectMapping: 0.258500 ms MarkObjects: 1.759300 ms  DeleteObjects: 0.135400 ms)

AssetImportParameters requested are different than current active one (requested -> active):
  custom:graphics/normal-map-encoding: 01000000000000000000000000000000 -> 02000000000000000000000000000000
========================================================================
Received Import Request.
  Time since last request: 18.092650 seconds.
  path: Assets/Scripts/TravelSpeed.cs
  artifactKey: Guid(4d9be63db49930e4790ca3f350155665) Importer(815301076,1909f56bfc062723c751e8b465ee728b)
Start importing Assets/Scripts/TravelSpeed.cs using Guid(4d9be63db49930e4790ca3f350155665) Importer(815301076,1909f56bfc062723c751e8b465ee728b)  -> (artifact id: 'a59cec641b070e9527362615f7f76de6') in 0.007590 seconds
  Import took 0.010054 seconds .

========================================================================
Received Prepare
Registering precompiled user dll's ...
Registered in 0.001017 seconds.
Script error: OnCollisionEnter
This message parameter has to be of type: Collision
The message will be ignored.

Begin MonoManager ReloadAssembly
Script error: OnCollisionEnter
This message parameter has to be of type: Collision
The message will be ignored.

Native extension for WindowsStandalone target not found
Refreshing native plugins compatible for Editor in 0.28 ms, found 0 plugins.
Preloading 0 native plugins for Editor in 0.00 ms.
Invoked RoslynAnalysisRunner static constructor.
RoslynAnalysisRunner will not be running.
RoslynAnalysisRunner has terminated.
Mono: successfully reloaded assembly
- Completed reload, in  1.087 seconds
Platform modules already initialized, skipping
Switching build target platform(5) subTarget(0) extendedPlatform(0) -> platform(13) subTarget(537395200) extendedPlatform(0)
Refreshing native plugins compatible for Editor in 0.48 ms, found 0 plugins.
Preloading 0 native plugins for Editor in 0.00 ms.
Unloading 1691 Unused Serialized files (Serialized files now loaded: 0)
System memory in use before: 98.8 MB.
System memory in use after: 98.8 MB.

Unloading 8 unused Assets to reduce memory usage. Loaded Objects now: 2248.
Total: 2.289500 ms (FindLiveObjects: 0.275800 ms CreateObjectMapping: 0.103400 ms MarkObjects: 1.767600 ms  DeleteObjects: 0.141700 ms)

AssetImportParameters requested are different than current active one (requested -> active):
  custom:graphics/normal-map-encoding: 01000000000000000000000000000000 -> 02000000000000000000000000000000
========================================================================
Received Import Request.
  Time since last request: 49.067389 seconds.
  path: Assets/Materials
  artifactKey: Guid(b9b9d24382dcbd64eb6ec32c7acaf819) Importer(815301076,1909f56bfc062723c751e8b465ee728b)
Start importing Assets/Materials using Guid(b9b9d24382dcbd64eb6ec32c7acaf819) Importer(815301076,1909f56bfc062723c751e8b465ee728b)  -> (artifact id: '4812efbb1b928562ee7bdbf971a67d30') in 0.009310 seconds
  Import took 0.012046 seconds .

========================================================================
Received Import Request.
  Time since last request: 109.256108 seconds.
  path: Assets/Prefab
  artifactKey: Guid(b8e9ca63aa51e1a4fbe96a1df7c6d34b) Importer(815301076,1909f56bfc062723c751e8b465ee728b)
Start importing Assets/Prefab using Guid(b8e9ca63aa51e1a4fbe96a1df7c6d34b) Importer(815301076,1909f56bfc062723c751e8b465ee728b)  -> (artifact id: '90d0b6b1351d0bf643beee5399888e52') in 0.007865 seconds
  Import took 0.010706 seconds .

========================================================================
Received Import Request.
  Time since last request: 0.065757 seconds.
  path: Assets/Prefab/pfBullet.prefab
  artifactKey: Guid(31f7774c3cf5f184d93fc9880d97d320) Importer(815301076,1909f56bfc062723c751e8b465ee728b)
Start importing Assets/Prefab/pfBullet.prefab using Guid(31f7774c3cf5f184d93fc9880d97d320) Importer(815301076,1909f56bfc062723c751e8b465ee728b)  -> (artifact id: 'bb99cd49793f965b51a12b6bc1f62b5e') in 0.120557 seconds
  Import took 0.123164 seconds .

========================================================================
Received Import Request.
  Time since last request: 4.747639 seconds.
  path: Assets/Prefab/MoveShooter.anim
  artifactKey: Guid(baafc54d363a9114cb86263b4ad7eaa4) Importer(815301076,1909f56bfc062723c751e8b465ee728b)
Start importing Assets/Prefab/MoveShooter.anim using Guid(baafc54d363a9114cb86263b4ad7eaa4) Importer(815301076,1909f56bfc062723c751e8b465ee728b)  -> (artifact id: '362fc773661c09d8ccdf50740e4158e0') in 0.007118 seconds
  Import took 0.009724 seconds .

========================================================================
Received Import Request.
  Time since last request: 0.001686 seconds.
  path: Assets/Prefab/MoveShooter.anim
  artifactKey: Guid(baafc54d363a9114cb86263b4ad7eaa4) Importer(815301076,1909f56bfc062723c751e8b465ee728b)
Start importing Assets/Prefab/MoveShooter.anim using Guid(baafc54d363a9114cb86263b4ad7eaa4) Importer(815301076,1909f56bfc062723c751e8b465ee728b)  -> (artifact id: '362fc773661c09d8ccdf50740e4158e0') in 0.003084 seconds
  Import took 0.005669 seconds .

========================================================================
Received Import Request.
  Time since last request: 1.322337 seconds.
  path: Assets/Prefab/EnemyShooter.controller
  artifactKey: Guid(b168864e7a0acce438a1046f44de515b) Importer(815301076,1909f56bfc062723c751e8b465ee728b)
Start importing Assets/Prefab/EnemyShooter.controller using Guid(b168864e7a0acce438a1046f44de515b) Importer(815301076,1909f56bfc062723c751e8b465ee728b)  -> (artifact id: '43181ab0fc5f8ed3fc0b69b5e0290b6f') in 0.008816 seconds
  Import took 0.012247 seconds .

========================================================================
Received Import Request.
  Time since last request: 14.830903 seconds.
  path: Assets/Repulsion.controller
  artifactKey: Guid(444d334d5470d4d43b37b6e010491119) Importer(815301076,1909f56bfc062723c751e8b465ee728b)
Start importing Assets/Repulsion.controller using Guid(444d334d5470d4d43b37b6e010491119) Importer(815301076,1909f56bfc062723c751e8b465ee728b)  -> (artifact id: '28ec8b65ca773a24101acdaff8a49f41') in 0.008542 seconds
  Import took 0.011567 seconds .

========================================================================
Received Import Request.
  Time since last request: 1.865731 seconds.
  path: Assets/RotationEnemy.controller
  artifactKey: Guid(1e6d6292e5863ac499b8b9dd009522ed) Importer(815301076,1909f56bfc062723c751e8b465ee728b)
Start importing Assets/RotationEnemy.controller using Guid(1e6d6292e5863ac499b8b9dd009522ed) Importer(815301076,1909f56bfc062723c751e8b465ee728b)  -> (artifact id: 'e4ec12796405279df4600a8d5e218964') in 0.008060 seconds
  Import took 0.010720 seconds .

========================================================================
Received Import Request.
  Time since last request: 0.588703 seconds.
  path: Assets/SecondCube.controller
  artifactKey: Guid(566b5a920ec39344a82306cabda3fe2f) Importer(815301076,1909f56bfc062723c751e8b465ee728b)
Start importing Assets/SecondCube.controller using Guid(566b5a920ec39344a82306cabda3fe2f) Importer(815301076,1909f56bfc062723c751e8b465ee728b)  -> (artifact id: '609291b4508cb465db108fcd0925493b') in 0.007469 seconds
  Import took 0.010669 seconds .

========================================================================
Received Import Request.
  Time since last request: 9.853075 seconds.
  path: Assets/ANIM Controllers
  artifactKey: Guid(5f8b6717ed91f224aaf2b527a0b13b1a) Importer(815301076,1909f56bfc062723c751e8b465ee728b)
Start importing Assets/ANIM Controllers using Guid(5f8b6717ed91f224aaf2b527a0b13b1a) Importer(815301076,1909f56bfc062723c751e8b465ee728b)  -> (artifact id: 'c8ae702c4397f04f41a2f6113f8204ec') in 0.007080 seconds
  Import took 0.010327 seconds .

========================================================================
Received Import Request.
  Time since last request: 10.320600 seconds.
  path: Assets/TextMeshPro TextPowerUp.controller
  artifactKey: Guid(60033c8984dd0ea4ab06d58f25b19ef6) Importer(815301076,1909f56bfc062723c751e8b465ee728b)
Start importing Assets/TextMeshPro TextPowerUp.controller using Guid(60033c8984dd0ea4ab06d58f25b19ef6) Importer(815301076,1909f56bfc062723c751e8b465ee728b)  -> (artifact id: 'fa6d75ccf810d030ef84eab6cfdcf8fb') in 0.008815 seconds
  Import took 0.011885 seconds .

========================================================================
Received Import Request.
  Time since last request: 0.607963 seconds.
  path: Assets/Text (TMP).controller
  artifactKey: Guid(7ac26c1e2ebd31f48b7c2e52b633983a) Importer(815301076,1909f56bfc062723c751e8b465ee728b)
Start importing Assets/Text (TMP).controller using Guid(7ac26c1e2ebd31f48b7c2e52b633983a) Importer(815301076,1909f56bfc062723c751e8b465ee728b)  -> (artifact id: 'd4f18b123fa17e3fc5f8c10fe304e95b') in 0.008001 seconds
  Import took 0.010630 seconds .

========================================================================
Received Import Request.
  Time since last request: 20.872555 seconds.
  path: Assets/Cylinder (8).controller
  artifactKey: Guid(5f9aeba0c3492df46a5f02e83e6b815c) Importer(815301076,1909f56bfc062723c751e8b465ee728b)
Start importing Assets/Cylinder (8).controller using Guid(5f9aeba0c3492df46a5f02e83e6b815c) Importer(815301076,1909f56bfc062723c751e8b465ee728b)  -> (artifact id: 'f38ac75e8a185904f83e807ca0afe727') in 0.012255 seconds
  Import took 0.014923 seconds .

========================================================================
Received Import Request.
  Time since last request: 10.553599 seconds.
  path: Assets/Cube2.anim
  artifactKey: Guid(228ff94c07389374f88b6f3170120ddd) Importer(815301076,1909f56bfc062723c751e8b465ee728b)
Start importing Assets/Cube2.anim using Guid(228ff94c07389374f88b6f3170120ddd) Importer(815301076,1909f56bfc062723c751e8b465ee728b)  -> (artifact id: '24ebac9cec79f877c8399db36aeb5bb3') in 0.007126 seconds
  Import took 0.010437 seconds .

========================================================================
Received Import Request.
  Time since last request: 5.626651 seconds.
  path: Assets/Cube.controller
  artifactKey: Guid(ac6eb6cf8de657a438b2f64a282ba548) Importer(815301076,1909f56bfc062723c751e8b465ee728b)
Start importing Assets/Cube.controller using Guid(ac6eb6cf8de657a438b2f64a282ba548) Importer(815301076,1909f56bfc062723c751e8b465ee728b)  -> (artifact id: 'acc8b37c0015c3c47b91f1e9151dc7cd') in 0.008073 seconds
  Import took 0.010601 seconds .

========================================================================
Received Import Request.
  Time since last request: 3.360737 seconds.
  path: Assets/13451_Golden_Crown_v1_L2.controller
  artifactKey: Guid(815f3277c8ada73488ab56097f7e5393) Importer(815301076,1909f56bfc062723c751e8b465ee728b)
Start importing Assets/13451_Golden_Crown_v1_L2.controller using Guid(815f3277c8ada73488ab56097f7e5393) Importer(815301076,1909f56bfc062723c751e8b465ee728b)  -> (artifact id: '29cca8b71b8dfe3096730d11b0c07359') in 0.007520 seconds
  Import took 0.010398 seconds .

========================================================================
Received Import Request.
  Time since last request: 8.999830 seconds.
  path: Assets/FourthCube.controller
  artifactKey: Guid(5190674cc3a3bcc44aa1271c14b4c81d) Importer(815301076,1909f56bfc062723c751e8b465ee728b)
Start importing Assets/FourthCube.controller using Guid(5190674cc3a3bcc44aa1271c14b4c81d) Importer(815301076,1909f56bfc062723c751e8b465ee728b)  -> (artifact id: '16c539727fd1b391c9590eb6b14d93da') in 0.008907 seconds
  Import took 0.012526 seconds .

========================================================================
Received Import Request.
  Time since last request: 83.120671 seconds.
  path: Assets/Models
  artifactKey: Guid(fada524cbd3e3b8448df9c2e8b90879a) Importer(815301076,1909f56bfc062723c751e8b465ee728b)
Start importing Assets/Models using Guid(fada524cbd3e3b8448df9c2e8b90879a) Importer(815301076,1909f56bfc062723c751e8b465ee728b)  -> (artifact id: '22ddf8ab90f51dd06bca114357f6ac0f') in 0.008490 seconds
  Import took 0.013923 seconds .

========================================================================
Received Import Request.
  Time since last request: 44.042915 seconds.
  path: Assets/Animations
  artifactKey: Guid(417703735ece224489f6752576ceeac2) Importer(815301076,1909f56bfc062723c751e8b465ee728b)
Start importing Assets/Animations using Guid(417703735ece224489f6752576ceeac2) Importer(815301076,1909f56bfc062723c751e8b465ee728b)  -> (artifact id: '32da8fb7faafc3ed819a25e263165b51') in 0.006464 seconds
  Import took 0.009716 seconds .

========================================================================
Received Import Request.
  Time since last request: 6.532986 seconds.
  path: Assets/CrownFloating.anim
  artifactKey: Guid(781581de5b00f5543924ddc5c559f0f9) Importer(815301076,1909f56bfc062723c751e8b465ee728b)
Start importing Assets/CrownFloating.anim using Guid(781581de5b00f5543924ddc5c559f0f9) Importer(815301076,1909f56bfc062723c751e8b465ee728b)  -> (artifact id: '2f203b4760e399475fb7ec461be8b3ba') in 0.006091 seconds
  Import took 0.009521 seconds .

========================================================================
Received Import Request.
  Time since last request: 0.794744 seconds.
  path: Assets/BoostCoin.anim
  artifactKey: Guid(40a9e76ceb898b84291783243c91f1ac) Importer(815301076,1909f56bfc062723c751e8b465ee728b)
Start importing Assets/BoostCoin.anim using Guid(40a9e76ceb898b84291783243c91f1ac) Importer(815301076,1909f56bfc062723c751e8b465ee728b)  -> (artifact id: '7753ea4f6091f5f252a40c39d9f09edc') in 0.008479 seconds
  Import took 0.011702 seconds .

========================================================================
Received Import Request.
  Time since last request: 19.767031 seconds.
  path: Assets/Sounds
  artifactKey: Guid(5fc137b9864873b4cae266b4f555cf40) Importer(815301076,1909f56bfc062723c751e8b465ee728b)
Start importing Assets/Sounds using Guid(5fc137b9864873b4cae266b4f555cf40) Importer(815301076,1909f56bfc062723c751e8b465ee728b)  -> (artifact id: 'db023affeb1006e2073386e7d9121da6') in 0.006934 seconds
  Import took 0.009673 seconds .

========================================================================
Received Import Request.
  Time since last request: 2.108481 seconds.
  path: Assets/Scenes
  artifactKey: Guid(d1e8a23737b082049ade27fb3b8ca01c) Importer(815301076,1909f56bfc062723c751e8b465ee728b)
Start importing Assets/Scenes using Guid(d1e8a23737b082049ade27fb3b8ca01c) Importer(815301076,1909f56bfc062723c751e8b465ee728b)  -> (artifact id: '51e085f1e43ba40d8969f1dce66dc9ad') in 0.007251 seconds
  Import took 0.010415 seconds .

========================================================================
Received Import Request.
  Time since last request: 96.002248 seconds.
  path: Assets/Icons & Screens
  artifactKey: Guid(c3d49eee66fb06a499e3364d93c72356) Importer(815301076,1909f56bfc062723c751e8b465ee728b)
Start importing Assets/Icons & Screens using Guid(c3d49eee66fb06a499e3364d93c72356) Importer(815301076,1909f56bfc062723c751e8b465ee728b)  -> (artifact id: '1f452c9966c2f2ce7244636d69d997b5') in 0.007774 seconds
  Import took 0.010906 seconds .

========================================================================
Received Import Request.
  Time since last request: 42.295211 seconds.
  path: Assets/Scripts/Player-based scripts/Player.cs
  artifactKey: Guid(6d8346c9d71911e43993ca4f26c31211) Importer(815301076,1909f56bfc062723c751e8b465ee728b)
Start importing Assets/Scripts/Player-based scripts/Player.cs using Guid(6d8346c9d71911e43993ca4f26c31211) Importer(815301076,1909f56bfc062723c751e8b465ee728b)  -> (artifact id: '0ebd829336517bee00301189abd2ce61') in 0.006089 seconds
  Import took 0.008576 seconds .

========================================================================
Received Prepare
Registering precompiled user dll's ...
Registered in 0.001158 seconds.
Script error: OnCollisionEnter
This message parameter has to be of type: Collision
The message will be ignored.

Begin MonoManager ReloadAssembly
Script error: OnCollisionEnter
This message parameter has to be of type: Collision
The message will be ignored.

Native extension for WindowsStandalone target not found
Refreshing native plugins compatible for Editor in 0.28 ms, found 0 plugins.
Preloading 0 native plugins for Editor in 0.00 ms.
Invoked RoslynAnalysisRunner static constructor.
RoslynAnalysisRunner will not be running.
RoslynAnalysisRunner has terminated.
Mono: successfully reloaded assembly
- Completed reload, in  1.089 seconds
Platform modules already initialized, skipping
Switching build target platform(5) subTarget(0) extendedPlatform(0) -> platform(13) subTarget(537395200) extendedPlatform(0)
Refreshing native plugins compatible for Editor in 0.28 ms, found 0 plugins.
Preloading 0 native plugins for Editor in 0.00 ms.
Unloading 1691 Unused Serialized files (Serialized files now loaded: 0)
System memory in use before: 102.0 MB.
System memory in use after: 102.0 MB.

Unloading 8 unused Assets to reduce memory usage. Loaded Objects now: 2258.
Total: 2.472900 ms (FindLiveObjects: 0.264700 ms CreateObjectMapping: 0.093100 ms MarkObjects: 1.989200 ms  DeleteObjects: 0.123700 ms)

AssetImportParameters requested are different than current active one (requested -> active):
  custom:graphics/normal-map-encoding: 01000000000000000000000000000000 -> 02000000000000000000000000000000
========================================================================
Received Import Request.
  Time since last request: 1973.882389 seconds.
  path: Assets/Scripts/Player-based scripts/Player.cs
  artifactKey: Guid(6d8346c9d71911e43993ca4f26c31211) Importer(815301076,1909f56bfc062723c751e8b465ee728b)
Start importing Assets/Scripts/Player-based scripts/Player.cs using Guid(6d8346c9d71911e43993ca4f26c31211) Importer(815301076,1909f56bfc062723c751e8b465ee728b)  -> (artifact id: '66e95fb756815a8f2c088966c450850f') in 0.004860 seconds
  Import took 0.007437 seconds .

AssetImportWorkerClient::OnTransportError - code=2 error=End of file
